获取实时token: 46180141|83061cdc1d2b316e71dc9cfa050f9718
[*] Starting 获取验证码、识别验证码、加密识别后的验证码...
获取实时token: 46180154|f28c2dd795a6196beae3cbd4ca590f28
[*] Starting 获取验证码、识别验证码、加密识别后的验证码...
[+] OCR识别验证码结果为3950
'words_result'
获取实时token: 46180199|39ea4b4d740fae3c5e602dc00b8b416e
[*] Starting 获取验证码、识别验证码、加密识别后的验证码...
[-] 验证码验证失败! 原因：验证失败
获取实时token: 46180203|ef2358580c0fd068e7696093c43c2581
[*] Starting 获取验证码、识别验证码、加密识别后的验证码...
[+] OCR识别验证码结果为5893
[+] OCR识别验证码结果为验证码加载
[-] 验证码验证失败! 原因：验证失败
获取实时token: 46180430|6854d32fddb469a2f0ed7076185398d2
[*] Starting 获取验证码、识别验证码、加密识别后的验证码...
[+] OCR识别验证码结果为76s
获取实时token: 46180654|c05dc054e5481a7e0d4c0c059c5c5db2
[*] Starting 获取验证码、识别验证码、加密识别后的验证码...
获取实时token: 46180664|5fdd8cd37906b22214db822dbf5d9429
[*] Starting 获取验证码、识别验证码、加密识别后的验证码...
[+] OCR识别验证码结果为62
'words_result'
获取实时token: 46180760|101fcea89496fa1bc47819ffd5e64038
[*] Starting 获取验证码、识别验证码、加密识别后的验证码...
list index out of range
获取实时token: 46180929|fc849fbba2e7aa944cae836d3b6c56da
[*] Starting 获取验证码、识别验证码、加密识别后的验证码...
list index out of range
获取实时token: 46180998|4b9eb86078c45f7e01f70996fcdceff6
[*] Starting 获取验证码、识别验证码、加密识别后的验证码...
[+] OCR识别验证码结果为485
获取实时token: 46181056|bf8841b9ed8f7e51a95e8764aeef940a
[*] Starting 获取验证码、识别验证码、加密识别后的验证码...
获取实时token: 46181070|392bd592bbeef2fd1871e1f99dd90c20
[*] Starting 获取验证码、识别验证码、加密识别后的验证码...
[+] OCR识别验证码结果为74
'words_result'
获取实时token: 46181308|cf19f159744a1c0e075ebae3eeb283e7
[*] Starting 获取验证码、识别验证码、加密识别后的验证码...
获取实时token: 46181330|df81d5629e9be17e2d71fd9ec6018a2d
[*] Starting 获取验证码、识别验证码、加密识别后的验证码...
[+] OCR识别验证码结果为590
[+] OCR识别验证码结果为5670
[+] 验证码校验成功，开始投票...
[+] !!!!!!!!!!!!!!!!!!!!!!投票成功！!!!!!!!!!!!!!!!!!!!!!!!当前票数为：81561
获取实时token: 46181420|4b24a2d609d0b44c5d20d0501a0e7a2c
[*] Starting 获取验证码、识别验证码、加密识别后的验证码...
[+] OCR识别验证码结果为O78
获取实时token: 46181507|8950613d9337a8fc709da9d00c2971b3
[*] Starting 获取验证码、识别验证码、加密识别后的验证码...
[+] OCR识别验证码结果为A.5
获取实时token: 46181567|e6ce8089ec586cee536a2283748f19ee
[*] Starting 获取验证码、识别验证码、加密识别后的验证码...
[+] OCR识别验证码结果为分98
获取实时token: 46181800|717d48dd75aef81667736a55b15bfa51
[*] Starting 获取验证码、识别验证码、加密识别后的验证码...
[+] OCR识别验证码结果为6
获取实时token: 46181858|02f9cb6e39e0154bb23502c73010469b
[*] Starting 获取验证码、识别验证码、加密识别后的验证码...
[+] OCR识别验证码结果为953
获取实时token: 46182008|452a4008b4ac9e67f68eddd443f7da3f
[*] Starting 获取验证码、识别验证码、加密识别后的验证码...
获取实时token: 46182023|cd9d043d4c7fe9e9c5181d45799d5f62
[*] Starting 获取验证码、识别验证码、加密识别后的验证码...
[+] OCR识别验证码结果为5804
[+] OCR识别验证码结果为27Q6
[+] 验证码校验成功，开始投票...
[+] !!!!!!!!!!!!!!!!!!!!!!投票成功！!!!!!!!!!!!!!!!!!!!!!!!当前票数为：81562
获取实时token: 46182244|8c1dc060b5bd261036bafc47bb4cbcfe
[*] Starting 获取验证码、识别验证码、加密识别后的验证码...
获取实时token: 46182270|f01fb9c31900fe1f0b274619543faba9
[*] Starting 获取验证码、识别验证码、加密识别后的验证码...
[+] OCR识别验证码结果为2670
[-] 验证码验证失败! 原因：验证失败
list index out of range
获取实时token: 46182307|4b77c2e7f068f04db3f91ee7f2ab18dd
[*] Starting 获取验证码、识别验证码、加密识别后的验证码...
[+] OCR识别验证码结果为0624
[-] 验证码验证失败! 原因：验证失败
获取实时token: 46182885|9e3952f33d00f4c357e7be68a81f3958
[*] Starting 获取验证码、识别验证码、加密识别后的验证码...
[+] OCR识别验证码结果为20
获取实时token: 46183156|7ebf8c3ba7c24d5abe20a5efc977e6f3
[*] Starting 获取验证码、识别验证码、加密识别后的验证码...
获取实时token: 46183176|8b201bf5603288943559bb339b89d610
[*] Starting 获取验证码、识别验证码、加密识别后的验证码...
list index out of range
[+] OCR识别验证码结果为3510
[-] 验证码验证失败! 原因：验证失败
获取实时token: 46183411|f2a0ca6c8b2cc928104123200ce60b0d
[*] Starting 获取验证码、识别验证码、加密识别后的验证码...
[+] OCR识别验证码结果为7153
[+] 验证码校验成功，开始投票...
[+] !!!!!!!!!!!!!!!!!!!!!!投票成功！!!!!!!!!!!!!!!!!!!!!!!!当前票数为：81569
获取实时token: 46183566|5f2681c5ababe8a4e12dcd8d8a85e3b3
[*] Starting 获取验证码、识别验证码、加密识别后的验证码...
list index out of range
获取实时token: 46183652|5986a6b943d66608e650a11cd28e67d9
[*] Starting 获取验证码、识别验证码、加密识别后的验证码...
[+] OCR识别验证码结果为540
获取实时token: 46183692|ff932a063c87855279958ff22c04362e
[*] Starting 获取验证码、识别验证码、加密识别后的验证码...
[+] OCR识别验证码结果为58
获取实时token: 46183894|afcddedae30d65cc9aff753550378b5e
[*] Starting 获取验证码、识别验证码、加密识别后的验证码...
获取实时token: 46183899|4e9efa3f376adf86cd2944ee4d265b40
[*] Starting 获取验证码、识别验证码、加密识别后的验证码...
[+] OCR识别验证码结果为7605
[+] OCR识别验证码结果为验证码加载
[-] 验证码验证失败! 原因：验证失败
获取实时token: 46183942|34aafe965aa963d7e65b68e63f8c69d3
[*] Starting 获取验证码、识别验证码、加密识别后的验证码...
[+] OCR识别验证码结果为8425
[-] 验证码验证失败! 原因：验证失败
获取实时token: 46183987|e9aa44ae10df64d51abafee55ce5ced2
[*] Starting 获取验证码、识别验证码、加密识别后的验证码...
[+] OCR识别验证码结果为5392
[-] 验证码验证失败! 原因：验证失败
[+++]Over!本次运行脚本共计投票3次
